<?xml version="1.0" encoding="UTF-8"?>
<Site BuildName="Win32-MSBuild"
	BuildStamp="20250105-0859-Experimental"
	Name="LAPTOP-C5NCQVTH"
	Generator="ctest-3.31.3"
	CompilerName="C:/Program Files/Microsoft Visual Studio/2022/Community/VC/Tools/MSVC/14.42.34433/bin/Hostx64/x64/cl.exe"
	CompilerVersion="19.42.34435.0"
	OSName="Windows"
	Hostname="LAPTOP-C5NCQVTH"
	OSRelease=" Personal"
	OSVersion=" (Build 26100)"
	OSPlatform="AMD64"
	Is64Bits="1"
	VendorString="GenuineIntel"
	VendorID="Intel Corporation"
	FamilyID="6"
	ModelID="14"
	ModelName=""
	ProcessorCacheSize="-1"
	NumberOfLogicalCPU="8"
	NumberOfPhysicalCPU="4"
	TotalVirtualMemory="17206"
	TotalPhysicalMemory="16182"
	LogicalProcessorsPerPhysical="2"
	ProcessorClockFrequency="1992"
	>
	<Testing>
		<StartDateTime>Jan 05 09:59 Paris, Madrid</StartDateTime>
		<StartTestTime>1736067593</StartTestTime>
		<TestList/>
		<EndDateTime>Jan 05 09:59 Paris, Madrid</EndDateTime>
		<EndTestTime>1736067593</EndTestTime>
		<ElapsedMinutes>0</ElapsedMinutes>
	</Testing>
</Site>
